# JRE version: Java(TM) SE Runtime Environment (8.0_131-b11) (build 1.8.0_131-b11)
# Java VM: Java HotSpot(TM) 64-Bit Server VM (25.131-b11 mixed mode windows-amd64 compressed oops)
Heap:
 par new generation   total 613440K, used 356204K [0x0000000640000000, 0x0000000669990000, 0x0000000669990000)
  eden space 545344K,  52% used [0x0000000640000000, 0x000000065195b0d8, 0x0000000661490000)
  from space 68096K, 100% used [0x0000000661490000, 0x0000000665710000, 0x0000000665710000)
  to   space 68096K,   0% used [0x0000000665710000, 0x0000000665710000, 0x0000000669990000)
 concurrent mark-sweep generation total 5609920K, used 136789K [0x0000000669990000, 0x00000007c0000000, 0x00000007c0000000)
 Metaspace       used 35733K, capacity 36093K, committed 36480K, reserved 1081344K
  class space    used 4607K, capacity 4722K, committed 4736K, reserved 1048576K
GC Heap History (10 events):
Event: 3.212 GC heap before
{Heap before GC invocations=0 (full 0):
 par new generation   total 613440K, used 119976K [0x0000000640000000, 0x0000000669990000, 0x0000000669990000)
  eden space 545344K,  22% used [0x0000000640000000, 0x000000064752a338, 0x0000000661490000)
  from space 68096K,   0% used [0x0000000661490000, 0x0000000661490000, 0x0000000665710000)
  to   space 68096K,   0% used [0x0000000665710000, 0x0000000665710000, 0x0000000669990000)
 concurrent mark-sweep generation total 5609920K, used 0K [0x0000000669990000, 0x00000007c0000000, 0x00000007c0000000)
 Metaspace       used 15597K, capacity 15842K, committed 16128K, reserved 1062912K
  class space    used 1826K, capacity 1936K, committed 2048K, reserved 1048576K
Event: 3.292 GC heap after
Heap after GC invocations=1 (full 1):
 par new generation   total 613440K, used 0K [0x0000000640000000, 0x0000000669990000, 0x0000000669990000)
  eden space 545344K,   0% used [0x0000000640000000, 0x0000000640000000, 0x0000000661490000)
  from space 68096K,   0% used [0x0000000661490000, 0x0000000661490000, 0x0000000665710000)
  to   space 68096K,   0% used [0x0000000665710000, 0x0000000665710000, 0x0000000669990000)
 concurrent mark-sweep generation total 5609920K, used 9871K [0x0000000669990000, 0x00000007c0000000, 0x00000007c0000000)
 Metaspace       used 15597K, capacity 15842K, committed 16128K, reserved 1062912K
  class space    used 1826K, capacity 1936K, committed 2048K, reserved 1048576K
}
Event: 8.731 GC heap before
{Heap before GC invocations=1 (full 2):
 par new generation   total 613440K, used 545344K [0x0000000640000000, 0x0000000669990000, 0x0000000669990000)
  eden space 545344K, 100% used [0x0000000640000000, 0x0000000661490000, 0x0000000661490000)
  from space 68096K,   0% used [0x0000000661490000, 0x0000000661490000, 0x0000000665710000)
  to   space 68096K,   0% used [0x0000000665710000, 0x0000000665710000, 0x0000000669990000)
 concurrent mark-sweep generation total 5609920K, used 9871K [0x0000000669990000, 0x00000007c0000000, 0x00000007c0000000)
 Metaspace       used 21627K, capacity 21834K, committed 22144K, reserved 1069056K
  class space    used 2490K, capacity 2590K, committed 2688K, reserved 1048576K
Event: 8.761 GC heap after
Heap after GC invocations=2 (full 2):
 par new generation   total 613440K, used 32339K [0x0000000640000000, 0x0000000669990000, 0x0000000669990000)
  eden space 545344K,   0% used [0x0000000640000000, 0x0000000640000000, 0x0000000661490000)
  from space 68096K,  47% used [0x0000000665710000, 0x00000006676a4c00, 0x0000000669990000)
  to   space 68096K,   0% used [0x0000000661490000, 0x0000000661490000, 0x0000000665710000)
 concurrent mark-sweep generation total 5609920K, used 9871K [0x0000000669990000, 0x00000007c0000000, 0x00000007c0000000)
 Metaspace       used 21627K, capacity 21834K, committed 22144K, reserved 1069056K
  class space    used 2490K, capacity 2590K, committed 2688K, reserved 1048576K
}
Event: 15.262 GC heap before
{Heap before GC invocations=2 (full 2):
 par new generation   total 613440K, used 577683K [0x0000000640000000, 0x0000000669990000, 0x0000000669990000)
  eden space 545344K, 100% used [0x0000000640000000, 0x0000000661490000, 0x0000000661490000)
  from space 68096K,  47% used [0x0000000665710000, 0x00000006676a4c00, 0x0000000669990000)
  to   space 68096K,   0% used [0x0000000661490000, 0x0000000661490000, 0x0000000665710000)
 concurrent mark-sweep generation total 5609920K, used 4918K [0x0000000669990000, 0x00000007c0000000, 0x00000007c0000000)
 Metaspace       used 28696K, capacity 28969K, committed 29312K, reserved 1075200K
  class space    used 3491K, capacity 3616K, committed 3712K, reserved 1048576K
Event: 15.298 GC heap after
Heap after GC invocations=3 (full 2):
 par new generation   total 613440K, used 61388K [0x0000000640000000, 0x0000000669990000, 0x0000000669990000)
  eden space 545344K,   0% used [0x0000000640000000, 0x0000000640000000, 0x0000000661490000)
  from space 68096K,  90% used [0x0000000661490000, 0x00000006650831d0, 0x0000000665710000)
  to   space 68096K,   0% used [0x0000000665710000, 0x0000000665710000, 0x0000000669990000)
 concurrent mark-sweep generation total 5609920K, used 4918K [0x0000000669990000, 0x00000007c0000000, 0x00000007c0000000)
 Metaspace       used 28696K, capacity 28969K, committed 29312K, reserved 1075200K
  class space    used 3491K, capacity 3616K, committed 3712K, reserved 1048576K
}
Event: 20.239 GC heap before
{Heap before GC invocations=3 (full 3):
 par new generation   total 613440K, used 606732K [0x0000000640000000, 0x0000000669990000, 0x0000000669990000)
  eden space 545344K, 100% used [0x0000000640000000, 0x0000000661490000, 0x0000000661490000)
  from space 68096K,  90% used [0x0000000661490000, 0x00000006650831d0, 0x0000000665710000)
  to   space 68096K,   0% used [0x0000000665710000, 0x0000000665710000, 0x0000000669990000)
 concurrent mark-sweep generation total 5609920K, used 4918K [0x0000000669990000, 0x00000007c0000000, 0x00000007c0000000)
 Metaspace       used 28833K, capacity 29161K, committed 29568K, reserved 1075200K
  class space    used 3492K, capacity 3616K, committed 3712K, reserved 1048576K
Event: 20.395 GC heap after
Heap after GC invocations=4 (full 3):
 par new generation   total 613440K, used 68095K [0x0000000640000000, 0x0000000669990000, 0x0000000669990000)
  eden space 545344K,   0% used [0x0000000640000000, 0x0000000640000000, 0x0000000661490000)
  from space 68096K,  99% used [0x0000000665710000, 0x000000066998fff8, 0x0000000669990000)
  to   space 68096K,   0% used [0x0000000661490000, 0x0000000661490000, 0x0000000665710000)
 concurrent mark-sweep generation total 5609920K, used 86741K [0x0000000669990000, 0x00000007c0000000, 0x00000007c0000000)
 Metaspace       used 28833K, capacity 29161K, committed 29568K, reserved 1075200K
  class space    used 3492K, capacity 3616K, committed 3712K, reserved 1048576K
}
Event: 24.577 GC heap before
{Heap before GC invocations=4 (full 3):
 par new generation   total 613440K, used 613439K [0x0000000640000000, 0x0000000669990000, 0x0000000669990000)
  eden space 545344K, 100% used [0x0000000640000000, 0x0000000661490000, 0x0000000661490000)
  from space 68096K,  99% used [0x0000000665710000, 0x000000066998fff8, 0x0000000669990000)
  to   space 68096K,   0% used [0x0000000661490000, 0x0000000661490000, 0x0000000665710000)
 concurrent mark-sweep generation total 5609920K, used 86741K [0x0000000669990000, 0x00000007c0000000, 0x00000007c0000000)
 Metaspace       used 31942K, capacity 32213K, committed 32640K, reserved 1077248K
  class space    used 3963K, capacity 4098K, committed 4224K, reserved 1048576K
Event: 24.670 GC heap after
Heap after GC invocations=5 (full 3):
 par new generation   total 613440K, used 68096K [0x0000000640000000, 0x0000000669990000, 0x0000000669990000)
  eden space 545344K,   0% used [0x0000000640000000, 0x0000000640000000, 0x0000000661490000)
  from space 68096K, 100% used [0x0000000661490000, 0x0000000665710000, 0x0000000665710000)
  to   space 68096K,   0% used [0x0000000665710000, 0x0000000665710000, 0x0000000669990000)
 concurrent mark-sweep generation total 5609920K, used 136794K [0x0000000669990000, 0x00000007c0000000, 0x00000007c0000000)
 Metaspace       used 31942K, capacity 32213K, committed 32640K, reserved 1077248K
  class space    used 3963K, capacity 4098K, committed 4224K, reserved 1048576K
}

